{"@t":"2020-04-21T20:20:08.7219118Z","@mt":"Seq {SeqVersion} running on OS {OSCaption}","SeqVersion":"5.1.3364","OSCaption":"Linux 4.19.76-linuxkit #1 SMP Fri Mar 6 18:33:07 UTC 2020","SourceContext":"Seq.Server.Features.Diagnostics.EnvironmentInformationWriter"}
{"@t":"2020-04-21T20:20:09.6960197Z","@mt":"Seq listening on {ListenUris}","ListenUris":["http://localhost/","http://localhost:5341/"]}
{"@t":"2020-04-21T20:20:09.7159823Z","@mt":"Opening document store {DocumentsPath}","DocumentsPath":"/data/Documents/documents.lmdb","SourceContext":"Quince.Storage.Lmdb.LmdbDocumentStore"}
{"@t":"2020-04-21T20:20:09.7795890Z","@mt":"Opening event store at {ExtentsPath}","ExtentsPath":"/data/Extents","SourceContext":"Flare.Events.EventStore"}
{"@t":"2020-04-21T20:20:09.7808080Z","@mt":"Available storage engines in order of preference are {Engines}","Engines":["FLARE"],"SourceContext":"Flare.Events.EventStore"}
{"@t":"2020-04-21T20:20:09.8393548Z","@mt":"Applying migration {MigrationName}","MigrationName":"Create the built-in roles","SourceContext":"Quince.Storage.Lmdb.LmdbDocumentStore"}
{"@t":"2020-04-21T20:20:09.8918347Z","@mt":"Applying migration {MigrationName}","MigrationName":"Create the server license","SourceContext":"Quince.Storage.Lmdb.LmdbDocumentStore"}
{"@t":"2020-04-21T20:20:09.9008250Z","@mt":"Applying migration {MigrationName}","MigrationName":"Create the Administrator account","SourceContext":"Quince.Storage.Lmdb.LmdbDocumentStore"}
{"@t":"2020-04-21T20:20:09.9132720Z","@mt":"Applying migration {MigrationName}","MigrationName":"Configure the public NuGet feed","SourceContext":"Quince.Storage.Lmdb.LmdbDocumentStore"}
{"@t":"2020-04-21T20:20:09.9344287Z","@mt":"Applying migration {MigrationName}","MigrationName":"Store the default system configuration","SourceContext":"Quince.Storage.Lmdb.LmdbDocumentStore"}
{"@t":"2020-04-21T20:20:09.9407135Z","@mt":"Applying migration {MigrationName}","MigrationName":"Ensure the license supports this version","SourceContext":"Quince.Storage.Lmdb.LmdbDocumentStore"}
{"@t":"2020-04-21T20:20:09.9444916Z","@mt":"Applying migration {MigrationName}","MigrationName":"Configure default SQL queries","SourceContext":"Quince.Storage.Lmdb.LmdbDocumentStore"}
{"@t":"2020-04-21T20:20:09.9498701Z","@mt":"Applying migration {MigrationName}","MigrationName":"Make default queries visible to all users","SourceContext":"Quince.Storage.Lmdb.LmdbDocumentStore"}
{"@t":"2020-04-21T20:20:09.9678953Z","@mt":"Applying migration {MigrationName}","MigrationName":"Configure default signals","SourceContext":"Quince.Storage.Lmdb.LmdbDocumentStore"}
{"@t":"2020-04-21T20:20:09.9718671Z","@mt":"Applying migration {MigrationName}","MigrationName":"Make default signals visible to all users","SourceContext":"Quince.Storage.Lmdb.LmdbDocumentStore"}
{"@t":"2020-04-21T20:20:09.9830522Z","@mt":"Applying migration {MigrationName}","MigrationName":"Create the shared overview dashboard","SourceContext":"Quince.Storage.Lmdb.LmdbDocumentStore"}
{"@t":"2020-04-21T20:20:10.0033664Z","@mt":"Applying migration {MigrationName}","MigrationName":"Create the default API key","SourceContext":"Quince.Storage.Lmdb.LmdbDocumentStore"}
{"@t":"2020-04-21T20:20:10.0115934Z","@mt":"Applying migration {MigrationName}","MigrationName":"Apply groupings to initial signals","SourceContext":"Quince.Storage.Lmdb.LmdbDocumentStore"}
{"@t":"2020-04-21T20:20:10.0184461Z","@mt":"Applying migration {MigrationName}","MigrationName":"Show built-in signals to new users upon creation","SourceContext":"Quince.Storage.Lmdb.LmdbDocumentStore"}
{"@t":"2020-04-21T20:20:10.0527913Z","@mt":"Applying migration {MigrationName}","MigrationName":"Assign index ids to signals","SourceContext":"Quince.Storage.Lmdb.LmdbDocumentStore"}
{"@t":"2020-04-21T20:20:10.0564905Z","@mt":"Applying migration {MigrationName}","MigrationName":"Pre-existing dashboards are protected by default","SourceContext":"Quince.Storage.Lmdb.LmdbDocumentStore"}
{"@t":"2020-04-21T20:20:10.0695155Z","@mt":"Setting protected flag on {DashboardId}","DashboardId":"dashboard-14"}
{"@t":"2020-04-21T20:20:10.0739978Z","@mt":"Applying migration {MigrationName}","MigrationName":"User default workspace reflects earlier view","SourceContext":"Quince.Storage.Lmdb.LmdbDocumentStore"}
{"@t":"2020-04-21T20:20:10.0811390Z","@mt":"Creating default workspace for {UserId}","UserId":"user-admin"}
{"@t":"2020-04-21T20:20:10.0913779Z","@mt":"Applying migration {MigrationName}","MigrationName":"New user defaults include shared dashboards","SourceContext":"Quince.Storage.Lmdb.LmdbDocumentStore"}
{"@t":"2020-04-21T20:20:10.0990470Z","@mt":"Applying migration {MigrationName}","MigrationName":"Update app invocation control properties","SourceContext":"Quince.Storage.Lmdb.LmdbDocumentStore"}
{"@t":"2020-04-21T20:20:10.1436866Z","@mt":"Applying migration {MigrationName}","MigrationName":"Extend the built-in roles","SourceContext":"Quince.Storage.Lmdb.LmdbDocumentStore"}
{"@t":"2020-04-21T20:20:10.1607672Z","@mt":"Applying migration {MigrationName}","MigrationName":"Set the default roles for new users","SourceContext":"Quince.Storage.Lmdb.LmdbDocumentStore"}
{"@t":"2020-04-21T20:20:10.1741020Z","@mt":"Applying migration {MigrationName}","MigrationName":"Personal dashboards are never protected","SourceContext":"Quince.Storage.Lmdb.LmdbDocumentStore"}
{"@t":"2020-04-21T20:20:10.1811363Z","@mt":"Storage subsystem available"}
{"@t":"2020-04-21T20:21:10.2617797Z","@mt":"{CollectionCount} more generation 2 garbage collection(s) occurred","CollectionCount":1,"SourceContext":"Seq.Server.Features.Diagnostics.GCLogger"}
{"@t":"2020-04-21T20:25:10.2726728Z","@mt":"Metrics sampled","CacheDays":0,"CacheEvents":0,"SystemMemoryUtilization":0.27020745847205374,"ProcessWorkingSetBytes":145817600,"ProcessThreads":30,"EventsArrivedPerMinute":0,"EventsAcceptedPerMinute":0,"IngestedBytesPerMinute":0,"InvalidPayloadsPerMinute":0,"UnauthorizedPayloadsPerMinute":0,"BroadcastQueueCount":0,"BroadcastSubscriptionQueuesAggregateCount":0}
{"@t":"2020-04-21T20:30:10.2597629Z","@mt":"Metrics sampled","CacheDays":0,"CacheEvents":0,"SystemMemoryUtilization":0.27703847985279795,"ProcessWorkingSetBytes":175067136,"ProcessThreads":24,"EventsArrivedPerMinute":0,"EventsAcceptedPerMinute":0,"IngestedBytesPerMinute":0,"InvalidPayloadsPerMinute":0,"UnauthorizedPayloadsPerMinute":0,"BroadcastQueueCount":0,"BroadcastSubscriptionQueuesAggregateCount":0}
{"@t":"2020-04-21T20:30:10.2989953Z","@mt":"Applying {Count} retention policies","Count":0,"SourceContext":"Seq.Server.Features.Retention.RetentionPolicyApplier"}
{"@t":"2020-04-21T20:30:10.3049974Z","@mt":"Retention processing and compaction took {Elapsed} ms; allocating {Allocation} ms for indexing","Elapsed":10.0599,"Allocation":599989.9401}
{"@t":"2020-04-21T20:30:10.3080489Z","@mt":"Beginning indexing","SourceContext":"Seq.Server.Features.Indexing.EventStoreIndexer"}
{"@t":"2020-04-21T20:30:10.5013564Z","@mt":"Wrote {IndexSetCount} index sets in {Elapsed:0.000} ms","@r":["192.000"],"IndexSetCount":0,"Elapsed":192,"SourceContext":"Seq.Server.Features.Indexing.EventStoreIndexer"}
{"@t":"2020-04-21T20:30:10.5040187Z","@mt":"Indexing took {Elapsed} ms; total iteration time was {Iteration} ms","Elapsed":197,"Iteration":208.0483}
{"@t":"2020-04-21T20:35:10.2593436Z","@mt":"Metrics sampled","CacheDays":0,"CacheEvents":0,"SystemMemoryUtilization":0.27729322247456978,"ProcessWorkingSetBytes":176250880,"ProcessThreads":22,"EventsArrivedPerMinute":0,"EventsAcceptedPerMinute":0,"IngestedBytesPerMinute":0,"InvalidPayloadsPerMinute":0,"UnauthorizedPayloadsPerMinute":0,"BroadcastQueueCount":0,"BroadcastSubscriptionQueuesAggregateCount":0}
{"@t":"2020-04-21T20:40:11.1351010Z","@mt":"Applying {Count} retention policies","Count":0,"SourceContext":"Seq.Server.Features.Retention.RetentionPolicyApplier"}
{"@t":"2020-04-21T20:40:11.1362246Z","@mt":"Retention processing and compaction took {Elapsed} ms; allocating {Allocation} ms for indexing","Elapsed":1.3592,"Allocation":599998.6408}
{"@t":"2020-04-21T20:40:11.1369065Z","@mt":"Beginning indexing","SourceContext":"Seq.Server.Features.Indexing.EventStoreIndexer"}
{"@t":"2020-04-21T20:40:11.1441138Z","@mt":"Wrote {IndexSetCount} index sets in {Elapsed:0.000} ms","@r":["6.000"],"IndexSetCount":0,"Elapsed":6,"SourceContext":"Seq.Server.Features.Indexing.EventStoreIndexer"}
{"@t":"2020-04-21T20:40:11.1450722Z","@mt":"Indexing took {Elapsed} ms; total iteration time was {Iteration} ms","Elapsed":8,"Iteration":9.5338000000000012}
{"@t":"2020-04-21T20:40:10.2673655Z","@mt":"Metrics sampled","CacheDays":0,"CacheEvents":0,"SystemMemoryUtilization":0.28421438355224871,"ProcessWorkingSetBytes":190091264,"ProcessThreads":22,"EventsArrivedPerMinute":0,"EventsAcceptedPerMinute":0,"IngestedBytesPerMinute":0,"InvalidPayloadsPerMinute":0,"UnauthorizedPayloadsPerMinute":0,"BroadcastQueueCount":0,"BroadcastSubscriptionQueuesAggregateCount":0}
{"@t":"2020-04-21T20:45:11.1333457Z","@mt":"Metrics sampled","CacheDays":0,"CacheEvents":0,"SystemMemoryUtilization":0.28458669969176142,"ProcessWorkingSetBytes":190545920,"ProcessThreads":22,"EventsArrivedPerMinute":0,"EventsAcceptedPerMinute":0,"IngestedBytesPerMinute":0,"InvalidPayloadsPerMinute":0,"UnauthorizedPayloadsPerMinute":0,"BroadcastQueueCount":0,"BroadcastSubscriptionQueuesAggregateCount":0}
{"@t":"2020-04-21T20:50:11.1359183Z","@mt":"Applying {Count} retention policies","Count":0,"SourceContext":"Seq.Server.Features.Retention.RetentionPolicyApplier"}
{"@t":"2020-04-21T20:50:11.1372358Z","@mt":"Retention processing and compaction took {Elapsed} ms; allocating {Allocation} ms for indexing","Elapsed":1.6358000000000001,"Allocation":599998.36420000007}
{"@t":"2020-04-21T20:50:11.1383560Z","@mt":"Beginning indexing","SourceContext":"Seq.Server.Features.Indexing.EventStoreIndexer"}
{"@t":"2020-04-21T20:50:11.1319632Z","@mt":"Metrics sampled","CacheDays":0,"CacheEvents":0,"SystemMemoryUtilization":0.28445540926361745,"ProcessWorkingSetBytes":190554112,"ProcessThreads":26,"EventsArrivedPerMinute":0,"EventsAcceptedPerMinute":0,"IngestedBytesPerMinute":0,"InvalidPayloadsPerMinute":0,"UnauthorizedPayloadsPerMinute":0,"BroadcastQueueCount":0,"BroadcastSubscriptionQueuesAggregateCount":0}
{"@t":"2020-04-21T20:50:11.1491640Z","@mt":"Wrote {IndexSetCount} index sets in {Elapsed:0.000} ms","@r":["9.000"],"IndexSetCount":0,"Elapsed":9,"SourceContext":"Seq.Server.Features.Indexing.EventStoreIndexer"}
{"@t":"2020-04-21T20:50:11.1500815Z","@mt":"Indexing took {Elapsed} ms; total iteration time was {Iteration} ms","Elapsed":11,"Iteration":13.360000000000001}
{"@t":"2020-04-21T20:55:11.1313359Z","@mt":"Metrics sampled","CacheDays":0,"CacheEvents":0,"SystemMemoryUtilization":0.2843182401595864,"ProcessWorkingSetBytes":190541824,"ProcessThreads":22,"EventsArrivedPerMinute":0,"EventsAcceptedPerMinute":0,"IngestedBytesPerMinute":0,"InvalidPayloadsPerMinute":0,"UnauthorizedPayloadsPerMinute":0,"BroadcastQueueCount":0,"BroadcastSubscriptionQueuesAggregateCount":0}
{"@t":"2020-04-21T21:00:11.1355154Z","@mt":"Applying {Count} retention policies","Count":0,"SourceContext":"Seq.Server.Features.Retention.RetentionPolicyApplier"}
{"@t":"2020-04-21T21:00:11.1365720Z","@mt":"Retention processing and compaction took {Elapsed} ms; allocating {Allocation} ms for indexing","Elapsed":1.2630000000000001,"Allocation":599998.73700000008}
{"@t":"2020-04-21T21:00:11.1369663Z","@mt":"Beginning indexing","SourceContext":"Seq.Server.Features.Indexing.EventStoreIndexer"}
{"@t":"2020-04-21T21:00:11.1432095Z","@mt":"Wrote {IndexSetCount} index sets in {Elapsed:0.000} ms","@r":["5.000"],"IndexSetCount":0,"Elapsed":5,"SourceContext":"Seq.Server.Features.Indexing.EventStoreIndexer"}
{"@t":"2020-04-21T21:00:11.1444151Z","@mt":"Indexing took {Elapsed} ms; total iteration time was {Iteration} ms","Elapsed":7,"Iteration":8.7061000000000011}
{"@t":"2020-04-21T21:00:11.1301652Z","@mt":"Metrics sampled","CacheDays":0,"CacheEvents":0,"SystemMemoryUtilization":0.28427708942837715,"ProcessWorkingSetBytes":190574592,"ProcessThreads":21,"EventsArrivedPerMinute":0,"EventsAcceptedPerMinute":0,"IngestedBytesPerMinute":0,"InvalidPayloadsPerMinute":0,"UnauthorizedPayloadsPerMinute":0,"BroadcastQueueCount":0,"BroadcastSubscriptionQueuesAggregateCount":0}
{"@t":"2020-04-21T21:05:11.1303893Z","@mt":"Metrics sampled","CacheDays":0,"CacheEvents":0,"SystemMemoryUtilization":0.2841026887103949,"ProcessWorkingSetBytes":190570496,"ProcessThreads":26,"EventsArrivedPerMinute":0,"EventsAcceptedPerMinute":0,"IngestedBytesPerMinute":0,"InvalidPayloadsPerMinute":0,"UnauthorizedPayloadsPerMinute":0,"BroadcastQueueCount":0,"BroadcastSubscriptionQueuesAggregateCount":0}
{"@t":"2020-04-21T21:10:11.1414474Z","@mt":"Applying {Count} retention policies","Count":0,"SourceContext":"Seq.Server.Features.Retention.RetentionPolicyApplier"}
{"@t":"2020-04-21T21:10:11.1509626Z","@mt":"Retention processing and compaction took {Elapsed} ms; allocating {Allocation} ms for indexing","Elapsed":10.6951,"Allocation":599989.3049}
{"@t":"2020-04-21T21:10:11.1520297Z","@mt":"Beginning indexing","SourceContext":"Seq.Server.Features.Indexing.EventStoreIndexer"}
{"@t":"2020-04-21T21:10:11.1313596Z","@mt":"Metrics sampled","CacheDays":0,"CacheEvents":0,"SystemMemoryUtilization":0.28434567398039268,"ProcessWorkingSetBytes":190574592,"ProcessThreads":26,"EventsArrivedPerMinute":0,"EventsAcceptedPerMinute":0,"IngestedBytesPerMinute":0,"InvalidPayloadsPerMinute":0,"UnauthorizedPayloadsPerMinute":0,"BroadcastQueueCount":0,"BroadcastSubscriptionQueuesAggregateCount":0}
{"@t":"2020-04-21T21:10:11.1636075Z","@mt":"Wrote {IndexSetCount} index sets in {Elapsed:0.000} ms","@r":["10.000"],"IndexSetCount":0,"Elapsed":10,"SourceContext":"Seq.Server.Features.Indexing.EventStoreIndexer"}
{"@t":"2020-04-21T21:10:11.1645305Z","@mt":"Indexing took {Elapsed} ms; total iteration time was {Iteration} ms","Elapsed":12,"Iteration":23.1944}
{"@t":"2020-04-21T21:15:11.1325894Z","@mt":"Metrics sampled","CacheDays":0,"CacheEvents":0,"SystemMemoryUtilization":0.28403018504112132,"ProcessWorkingSetBytes":190607360,"ProcessThreads":25,"EventsArrivedPerMinute":0,"EventsAcceptedPerMinute":0,"IngestedBytesPerMinute":0,"InvalidPayloadsPerMinute":0,"UnauthorizedPayloadsPerMinute":0,"BroadcastQueueCount":0,"BroadcastSubscriptionQueuesAggregateCount":0}
{"@t":"2020-04-21T21:20:11.1402342Z","@mt":"Applying {Count} retention policies","Count":0,"SourceContext":"Seq.Server.Features.Retention.RetentionPolicyApplier"}
{"@t":"2020-04-21T21:20:11.1413112Z","@mt":"Retention processing and compaction took {Elapsed} ms; allocating {Allocation} ms for indexing","Elapsed":1.4037000000000002,"Allocation":599998.5963}
{"@t":"2020-04-21T21:20:11.1432598Z","@mt":"Beginning indexing","SourceContext":"Seq.Server.Features.Indexing.EventStoreIndexer"}
{"@t":"2020-04-21T21:20:11.1324996Z","@mt":"Metrics sampled","CacheDays":0,"CacheEvents":0,"SystemMemoryUtilization":0.28391653064063849,"ProcessWorkingSetBytes":190623744,"ProcessThreads":21,"EventsArrivedPerMinute":0,"EventsAcceptedPerMinute":0,"IngestedBytesPerMinute":0,"InvalidPayloadsPerMinute":0,"UnauthorizedPayloadsPerMinute":0,"BroadcastQueueCount":0,"BroadcastSubscriptionQueuesAggregateCount":0}
{"@t":"2020-04-21T21:20:11.1522150Z","@mt":"Wrote {IndexSetCount} index sets in {Elapsed:0.000} ms","@r":["8.000"],"IndexSetCount":0,"Elapsed":8,"SourceContext":"Seq.Server.Features.Indexing.EventStoreIndexer"}
{"@t":"2020-04-21T21:20:11.1530127Z","@mt":"Indexing took {Elapsed} ms; total iteration time was {Iteration} ms","Elapsed":9,"Iteration":11.1555}
{"@t":"2020-04-21T21:25:11.1323685Z","@mt":"Metrics sampled","CacheDays":0,"CacheEvents":0,"SystemMemoryUtilization":0.28352853803209366,"ProcessWorkingSetBytes":190652416,"ProcessThreads":25,"EventsArrivedPerMinute":0,"EventsAcceptedPerMinute":0,"IngestedBytesPerMinute":0,"InvalidPayloadsPerMinute":0,"UnauthorizedPayloadsPerMinute":0,"BroadcastQueueCount":0,"BroadcastSubscriptionQueuesAggregateCount":0}
{"@t":"2020-04-21T21:30:11.1312240Z","@mt":"Metrics sampled","CacheDays":0,"CacheEvents":0,"SystemMemoryUtilization":0.28413600120708815,"ProcessWorkingSetBytes":190668800,"ProcessThreads":21,"EventsArrivedPerMinute":0,"EventsAcceptedPerMinute":0,"IngestedBytesPerMinute":0,"InvalidPayloadsPerMinute":0,"UnauthorizedPayloadsPerMinute":0,"BroadcastQueueCount":0,"BroadcastSubscriptionQueuesAggregateCount":0}
{"@t":"2020-04-21T21:30:11.1395741Z","@mt":"Applying {Count} retention policies","Count":0,"SourceContext":"Seq.Server.Features.Retention.RetentionPolicyApplier"}
{"@t":"2020-04-21T21:30:11.1408785Z","@mt":"Retention processing and compaction took {Elapsed} ms; allocating {Allocation} ms for indexing","Elapsed":1.4885000000000002,"Allocation":599998.5115}
{"@t":"2020-04-21T21:30:11.1414211Z","@mt":"Beginning indexing","SourceContext":"Seq.Server.Features.Indexing.EventStoreIndexer"}
{"@t":"2020-04-21T21:30:11.1476695Z","@mt":"Wrote {IndexSetCount} index sets in {Elapsed:0.000} ms","@r":["5.000"],"IndexSetCount":0,"Elapsed":5,"SourceContext":"Seq.Server.Features.Indexing.EventStoreIndexer"}
{"@t":"2020-04-21T21:30:11.1484552Z","@mt":"Indexing took {Elapsed} ms; total iteration time was {Iteration} ms","Elapsed":7,"Iteration":8.519}
{"@t":"2020-04-21T21:35:11.1300755Z","@mt":"Metrics sampled","CacheDays":0,"CacheEvents":0,"SystemMemoryUtilization":0.2835834056737061,"ProcessWorkingSetBytes":190685184,"ProcessThreads":25,"EventsArrivedPerMinute":0,"EventsAcceptedPerMinute":0,"IngestedBytesPerMinute":0,"InvalidPayloadsPerMinute":0,"UnauthorizedPayloadsPerMinute":0,"BroadcastQueueCount":0,"BroadcastSubscriptionQueuesAggregateCount":0}
{"@t":"2020-04-21T21:40:11.1423001Z","@mt":"Applying {Count} retention policies","Count":0,"SourceContext":"Seq.Server.Features.Retention.RetentionPolicyApplier"}
{"@t":"2020-04-21T21:40:11.1474743Z","@mt":"Retention processing and compaction took {Elapsed} ms; allocating {Allocation} ms for indexing","Elapsed":5.5746,"Allocation":599994.42540000007}
{"@t":"2020-04-21T21:40:11.1482835Z","@mt":"Beginning indexing","SourceContext":"Seq.Server.Features.Indexing.EventStoreIndexer"}
{"@t":"2020-04-21T21:40:11.1292175Z","@mt":"Metrics sampled","CacheDays":0,"CacheEvents":0,"SystemMemoryUtilization":0.28416343502789432,"ProcessWorkingSetBytes":190681088,"ProcessThreads":22,"EventsArrivedPerMinute":0,"EventsAcceptedPerMinute":0,"IngestedBytesPerMinute":0,"InvalidPayloadsPerMinute":0,"UnauthorizedPayloadsPerMinute":0,"BroadcastQueueCount":0,"BroadcastSubscriptionQueuesAggregateCount":0}
{"@t":"2020-04-21T21:40:11.1541223Z","@mt":"Wrote {IndexSetCount} index sets in {Elapsed:0.000} ms","@r":["4.000"],"IndexSetCount":0,"Elapsed":4,"SourceContext":"Seq.Server.Features.Indexing.EventStoreIndexer"}
{"@t":"2020-04-21T21:40:11.1549747Z","@mt":"Indexing took {Elapsed} ms; total iteration time was {Iteration} ms","Elapsed":6,"Iteration":12.2644}
{"@t":"2020-04-21T21:45:11.1353858Z","@mt":"Metrics sampled","CacheDays":0,"CacheEvents":0,"SystemMemoryUtilization":0.28399295342717,"ProcessWorkingSetBytes":190791680,"ProcessThreads":22,"EventsArrivedPerMinute":0,"EventsAcceptedPerMinute":0,"IngestedBytesPerMinute":0,"InvalidPayloadsPerMinute":0,"UnauthorizedPayloadsPerMinute":0,"BroadcastQueueCount":0,"BroadcastSubscriptionQueuesAggregateCount":0}
{"@t":"2020-04-21T21:50:11.1439800Z","@mt":"Applying {Count} retention policies","Count":0,"SourceContext":"Seq.Server.Features.Retention.RetentionPolicyApplier"}
{"@t":"2020-04-21T21:50:11.1458867Z","@mt":"Retention processing and compaction took {Elapsed} ms; allocating {Allocation} ms for indexing","Elapsed":2.7136,"Allocation":599997.2864}
{"@t":"2020-04-21T21:50:11.1470317Z","@mt":"Beginning indexing","SourceContext":"Seq.Server.Features.Indexing.EventStoreIndexer"}
{"@t":"2020-04-21T21:50:11.1354269Z","@mt":"Metrics sampled","CacheDays":0,"CacheEvents":0,"SystemMemoryUtilization":0.2850373981764347,"ProcessWorkingSetBytes":191426560,"ProcessThreads":25,"EventsArrivedPerMinute":0,"EventsAcceptedPerMinute":0,"IngestedBytesPerMinute":0,"InvalidPayloadsPerMinute":0,"UnauthorizedPayloadsPerMinute":0,"BroadcastQueueCount":0,"BroadcastSubscriptionQueuesAggregateCount":0}
{"@t":"2020-04-21T21:50:11.1602727Z","@mt":"Wrote {IndexSetCount} index sets in {Elapsed:0.000} ms","@r":["12.000"],"IndexSetCount":0,"Elapsed":12,"SourceContext":"Seq.Server.Features.Indexing.EventStoreIndexer"}
{"@t":"2020-04-21T21:50:11.1619500Z","@mt":"Indexing took {Elapsed} ms; total iteration time was {Iteration} ms","Elapsed":14,"Iteration":17.6263}
{"@t":"2020-04-21T21:55:11.1345593Z","@mt":"Metrics sampled","CacheDays":0,"CacheEvents":0,"SystemMemoryUtilization":0.28527058565328745,"ProcessWorkingSetBytes":191578112,"ProcessThreads":24,"EventsArrivedPerMinute":0,"EventsAcceptedPerMinute":0,"IngestedBytesPerMinute":0,"InvalidPayloadsPerMinute":0,"UnauthorizedPayloadsPerMinute":0,"BroadcastQueueCount":0,"BroadcastSubscriptionQueuesAggregateCount":0}
{"@t":"2020-04-21T21:56:12.6158526Z","@mt":"{CollectionCount} more generation 2 garbage collection(s) occurred","CollectionCount":1,"SourceContext":"Seq.Server.Features.Diagnostics.GCLogger"}
{"@t":"2020-04-21T22:00:12.1386395Z","@mt":"Applying {Count} retention policies","Count":0,"SourceContext":"Seq.Server.Features.Retention.RetentionPolicyApplier"}
{"@t":"2020-04-21T22:00:12.1437138Z","@mt":"Retention processing and compaction took {Elapsed} ms; allocating {Allocation} ms for indexing","Elapsed":5.4806,"Allocation":599994.5194}
{"@t":"2020-04-21T22:00:12.1446671Z","@mt":"Beginning indexing","SourceContext":"Seq.Server.Features.Indexing.EventStoreIndexer"}
{"@t":"2020-04-21T22:00:12.1699331Z","@mt":"Wrote {IndexSetCount} index sets in {Elapsed:0.000} ms","@r":["24.000"],"IndexSetCount":0,"Elapsed":24,"SourceContext":"Seq.Server.Features.Indexing.EventStoreIndexer"}
{"@t":"2020-04-21T22:00:12.1707146Z","@mt":"Indexing took {Elapsed} ms; total iteration time was {Iteration} ms","Elapsed":26,"Iteration":31.5226}
{"@t":"2020-04-21T22:00:11.2908165Z","@mt":"Metrics sampled","CacheDays":0.041666666666666664,"CacheEvents":1,"SystemMemoryUtilization":0.26607866844072037,"ProcessWorkingSetBytes":152428544,"ProcessThreads":24,"EventsArrivedPerMinute":1,"EventsAcceptedPerMinute":1,"IngestedBytesPerMinute":231,"InvalidPayloadsPerMinute":0,"UnauthorizedPayloadsPerMinute":0,"BroadcastQueueCount":0,"BroadcastSubscriptionQueuesAggregateCount":0}
{"@t":"2020-04-21T22:05:11.2913197Z","@mt":"Metrics sampled","CacheDays":0.041666666666666664,"CacheEvents":55,"SystemMemoryUtilization":0.26573574568064284,"ProcessWorkingSetBytes":153174016,"ProcessThreads":29,"EventsArrivedPerMinute":0,"EventsAcceptedPerMinute":0,"IngestedBytesPerMinute":0,"InvalidPayloadsPerMinute":0,"UnauthorizedPayloadsPerMinute":0,"BroadcastQueueCount":0,"BroadcastSubscriptionQueuesAggregateCount":0}
